<?xml version="1.0" encoding="UTF-8"?>
<!-- Generated by org.testng.reporters.JUnitXMLReporter -->
<testsuite ignored="0" hostname="LAPTOP-C3S9CP15" failures="0" tests="1" name="Test-Runner-Chrome" time="29.797" errors="0" timestamp="2024-03-11T08:09:42 IST">
  <testcase classname="productsTests.CreateNewProductTC01Test" name="createProductWithMandatoryfields" time="11.856"/>
</testsuite> <!-- Test-Runner-Chrome -->
