<?xml version="1.0" encoding="UTF-8"?>
<!-- Generated by org.testng.reporters.JUnitXMLReporter -->
<testsuite ignored="0" hostname="LAPTOP-C3S9CP15" failures="0" tests="1" name="Test-Runner2" time="32.404" errors="0" timestamp="2024-03-08T08:14:12 IST">
  <testcase classname="contactsTests.CreateNewContactTC02Test" name="createContactWithLeadSource" time="13.554"/>
</testsuite> <!-- Test-Runner2 -->
