<?xml version="1.0" encoding="UTF-8"?>
<!-- Generated by org.testng.reporters.JUnitXMLReporter -->
<testsuite ignored="0" hostname="LAPTOP-C3S9CP15" failures="0" tests="1" name="Test-Runner-Firefox" time="31.006" errors="0" timestamp="2024-03-11T08:09:44 IST">
  <testcase classname="productsTests.CreateNewProductTC01Test" name="createProductWithMandatoryfields" time="10.69"/>
</testsuite> <!-- Test-Runner-Firefox -->
