<?xml version="1.0" encoding="UTF-8"?>
<!-- Generated by org.testng.reporters.JUnitReportReporter -->
<testsuite hostname="LAPTOP-C3S9CP15" failures="0" tests="1" name="leadsTests.CreateNewLeadTC01Test" time="30.930" errors="0" timestamp="2024-03-21T16:46:35 IST" skipped="0">
  <testcase classname="leadsTests.CreateNewLeadTC01Test" name="createLeadWithMandatoryFields" time="30.930"/>
  <system-out/>
</testsuite> <!-- leadsTests.CreateNewLeadTC01Test -->
