<?xml version="1.0" encoding="UTF-8"?>
<!-- Generated by org.testng.reporters.JUnitReportReporter -->
<testsuite hostname="LAPTOP-C3S9CP15" failures="0" tests="1" name="practice.CaptureAllContactsNames" time="11.727" errors="0" timestamp="2024-03-03T10:09:14 IST" skipped="0">
  <testcase classname="practice.CaptureAllContactsNames" name="capturesAllContactNames" time="11.727"/>
  <system-out/>
</testsuite> <!-- practice.CaptureAllContactsNames -->
