<?xml version="1.0" encoding="UTF-8"?>
<!-- Generated by org.testng.reporters.JUnitReportReporter -->
<testsuite hostname="LAPTOP-C3S9CP15" failures="0" tests="1" name="practice.CalenderPresentDate" time="13.752" errors="0" timestamp="2024-03-02T19:55:34 IST" skipped="0">
  <testcase classname="practice.CalenderPresentDate" name="selectPreasentDate" time="13.752"/>
  <system-out/>
</testsuite> <!-- practice.CalenderPresentDate -->
