<?xml version="1.0" encoding="UTF-8"?>
<!-- Generated by org.testng.reporters.JUnitReportReporter -->
<testsuite hostname="LAPTOP-C3S9CP15" failures="0" tests="2" name="productsTests.CreateNewProductTC01Test" time="39.683" errors="0" timestamp="2024-03-11T08:09:44 IST" skipped="0">
  <testcase classname="productsTests.CreateNewProductTC01Test" name="createProductWithMandatoryfields" time="20.453"/>
  <system-out/>
  <testcase classname="productsTests.CreateNewProductTC01Test" name="createProductWithMandatoryfields" time="19.230"/>
  <system-out/>
</testsuite> <!-- productsTests.CreateNewProductTC01Test -->
