<?xml version="1.0" encoding="UTF-8"?>
<!-- Generated by org.testng.reporters.JUnitReportReporter -->
<testsuite hostname="LAPTOP-C3S9CP15" failures="0" tests="1" name="practice.CheckFifthCheckBox" time="10.524" errors="0" timestamp="2024-03-03T09:15:49 IST" skipped="0">
  <testcase classname="practice.CheckFifthCheckBox" name="checkFifthCheckBox" time="10.524"/>
  <system-out/>
</testsuite> <!-- practice.CheckFifthCheckBox -->
