<?xml version="1.0" encoding="UTF-8"?>
<!-- Generated by org.testng.reporters.JUnitReportReporter -->
<testsuite hostname="LAPTOP-C3S9CP15" failures="0" tests="1" name="practice.SelectSystemdateInCalender" time="11.462" errors="0" timestamp="2024-03-02T21:26:49 IST" skipped="0">
  <testcase classname="practice.SelectSystemdateInCalender" name="systemDateInCalender" time="11.462"/>
  <system-out/>
</testsuite> <!-- practice.SelectSystemdateInCalender -->
