<?xml version="1.0" encoding="UTF-8"?>
<!-- Generated by org.testng.reporters.JUnitReportReporter -->
<testsuite hostname="LAPTOP-C3S9CP15" failures="0" tests="1" name="productsTests.VerifyVendorNameITTC02Test" time="13.627" errors="0" timestamp="2024-03-07T07:58:53 IST" skipped="0">
  <testcase classname="productsTests.VerifyVendorNameITTC02Test" name="verifyVendorNameITTC02" time="13.627"/>
  <system-out/>
</testsuite> <!-- productsTests.VerifyVendorNameITTC02Test -->
