<?xml version="1.0" encoding="UTF-8"?>
<!-- Generated by org.testng.reporters.JUnitReportReporter -->
<testsuite hostname="LAPTOP-C3S9CP15" failures="0" tests="1" name="contactsTests.CreateNewContactTC02Test" time="23.188" errors="0" timestamp="2024-03-08T08:14:12 IST" skipped="0">
  <testcase classname="contactsTests.CreateNewContactTC02Test" name="createContactWithLeadSource" time="23.188"/>
  <system-out/>
</testsuite> <!-- contactsTests.CreateNewContactTC02Test -->
