<?xml version="1.0" encoding="UTF-8"?>
<!-- Generated by org.testng.reporters.JUnitReportReporter -->
<testsuite hostname="LAPTOP-C3S9CP15" failures="0" tests="1" name="practice.CalenderFutureDate" time="9.415" errors="0" timestamp="2024-03-02T20:01:52 IST" skipped="0">
  <testcase classname="practice.CalenderFutureDate" name="selectFutureDate" time="9.415"/>
  <system-out/>
</testsuite> <!-- practice.CalenderFutureDate -->
