<?xml version="1.0" encoding="UTF-8"?>
<!-- Generated by org.testng.reporters.JUnitReportReporter -->
<testsuite hostname="LAPTOP-C3S9CP15" failures="0" tests="1" name="vendorsTests.CreateNewVendorTC01Test" time="43.577" errors="0" timestamp="2024-03-20T13:16:27 IST" skipped="0">
  <testcase classname="vendorsTests.CreateNewVendorTC01Test" name="createVendorWithMandatoryFields" time="43.577"/>
  <system-out/>
</testsuite> <!-- vendorsTests.CreateNewVendorTC01Test -->
