<?xml version="1.0" encoding="UTF-8"?>
<!-- Generated by org.testng.reporters.JUnitReportReporter -->
<testsuite hostname="LAPTOP-C3S9CP15" failures="0" tests="1" name="practice.CaptureLastCheckBox" time="12.434" errors="0" timestamp="2024-03-03T10:15:32 IST" skipped="0">
  <testcase classname="practice.CaptureLastCheckBox" name="checkLastCheckBox" time="12.434"/>
  <system-out/>
</testsuite> <!-- practice.CaptureLastCheckBox -->
