<?xml version="1.0" encoding="UTF-8"?>
<!-- Generated by org.testng.reporters.JUnitReportReporter -->
<testsuite hostname="LAPTOP-C3S9CP15" failures="0" tests="1" name="practice.CheckAllCheckBox" time="19.341" errors="0" timestamp="2024-03-03T10:47:49 IST" skipped="0">
  <testcase classname="practice.CheckAllCheckBox" name="checkAllCheckBox" time="19.341"/>
  <system-out/>
</testsuite> <!-- practice.CheckAllCheckBox -->
