<?xml version="1.0" encoding="UTF-8"?>
<!-- Generated by org.testng.reporters.JUnitReportReporter -->
<testsuite hostname="LAPTOP-C3S9CP15" failures="0" tests="1" name="practice.CheckCheckBoxAndDelete" time="11.588" errors="0" timestamp="2024-03-03T10:33:28 IST" skipped="0">
  <testcase classname="practice.CheckCheckBoxAndDelete" name="checkAndDeleteContact" time="11.588"/>
  <system-out/>
</testsuite> <!-- practice.CheckCheckBoxAndDelete -->
