<?xml version="1.0" encoding="UTF-8"?>
<!-- Generated by org.testng.reporters.JUnitReportReporter -->
<testsuite hostname="LAPTOP-C3S9CP15" failures="0" tests="2" name="practice.TestNgPractice" time="0.036" errors="0" timestamp="2024-03-01T07:40:47 IST" skipped="0">
  <testcase classname="practice.TestNgPractice" name="tc_001" time="0.026"/>
  <system-out/>
  <testcase classname="practice.TestNgPractice" name="tc_002" time="0.010"/>
  <system-out/>
</testsuite> <!-- practice.TestNgPractice -->
