<?xml version="1.0" encoding="UTF-8"?>
<!-- Generated by org.testng.reporters.JUnitReportReporter -->
<testsuite hostname="LAPTOP-C3S9CP15" failures="0" tests="1" name="campaignsTests.CreateNewCampaignTC02Test" time="33.891" errors="0" timestamp="2024-03-11T08:51:19 IST" skipped="0">
  <testcase classname="campaignsTests.CreateNewCampaignTC02Test" name="createNewCampaignWithCampaignType" time="33.891"/>
  <system-out/>
</testsuite> <!-- campaignsTests.CreateNewCampaignTC02Test -->
